<?xml version="1.0" encoding="UTF-8"?>
<testng-results skipped="0" failed="1" ignored="4" total="5" passed="0">
  <reporter-output>
  </reporter-output>
  <suite name="Suite" duration-ms="1085" started-at="2023-06-26T16:17:35 IST" finished-at="2023-06-26T16:17:36 IST">
    <groups>
    </groups>
    <test name="Test" duration-ms="1085" started-at="2023-06-26T16:17:35 IST" finished-at="2023-06-26T16:17:36 IST">
      <class name="com.hrsAPI.test.HrsApiTest">
        <test-method status="PASS" signature="logging()[pri:0, instance:com.hrsAPI.test.HrsApiTest@71c3b41]" name="logging" is-config="true" duration-ms="480" started-at="2023-06-26T16:17:34 IST" finished-at="2023-06-26T16:17:35 IST">
          <reporter-output>
          </reporter-output>
        </test-method> <!-- logging -->
        <test-method status="PASS" signature="setUp()[pri:0, instance:com.hrsAPI.test.HrsApiTest@71c3b41]" name="setUp" is-config="true" duration-ms="101" started-at="2023-06-26T16:17:35 IST" finished-at="2023-06-26T16:17:35 IST">
          <reporter-output>
          </reporter-output>
        </test-method> <!-- setUp -->
        <test-method status="FAIL" signature="verifyEndpointTestingConfirmAllMedGatewayEndpointsareExposed(java.lang.String, java.lang.String, java.lang.String)[pri:0, instance:com.hrsAPI.test.HrsApiTest@71c3b41]" name="verifyEndpointTestingConfirmAllMedGatewayEndpointsareExposed" duration-ms="204" started-at="2023-06-26T16:17:35 IST" description="T2896359" data-provider="allMedGatewayEndpointsAreExposedInquireAPIResponse" finished-at="2023-06-26T16:17:36 IST">
          <params>
            <param index="0">
              <value>
                <![CDATA[T2896359]]>
              </value>
            </param>
            <param index="1">
              <value>
                <![CDATA[Rudra]]>
              </value>
            </param>
            <param index="2">
              <value>
                <![CDATA[Maharudra@123456]]>
              </value>
            </param>
          </params>
          <exception class="java.lang.IllegalArgumentException">
            <message>
              <![CDATA[Base URI cannot be null]]>
            </message>
            <full-stacktrace>
              <![CDATA[java.lang.IllegalArgumentException: Base URI cannot be null
at sun.reflect.NativeConstructorAccessorImpl.newInstance0(Native Method)
at sun.reflect.NativeConstructorAccessorImpl.newInstance(NativeConstructorAccessorImpl.java:62)
at sun.reflect.DelegatingConstructorAccessorImpl.newInstance(DelegatingConstructorAccessorImpl.java:45)
at java.lang.reflect.Constructor.newInstance(Constructor.java:423)
at org.codehaus.groovy.reflection.CachedConstructor.invoke(CachedConstructor.java:72)
at org.codehaus.groovy.reflection.CachedConstructor.doConstructorInvoke(CachedConstructor.java:59)
at org.codehaus.groovy.runtime.callsite.ConstructorSite$ConstructorSiteNoUnwrap.callConstructor(ConstructorSite.java:84)
at org.codehaus.groovy.runtime.callsite.CallSiteArray.defaultCallConstructor(CallSiteArray.java:59)
at org.codehaus.groovy.runtime.callsite.AbstractCallSite.callConstructor(AbstractCallSite.java:263)
at org.codehaus.groovy.runtime.callsite.AbstractCallSite.callConstructor(AbstractCallSite.java:277)
at io.restassured.internal.common.assertion.AssertParameter.notNull(AssertParameter.groovy:26)
at io.restassured.internal.common.assertion.AssertParameter$notNull.callStatic(Unknown Source)
at org.codehaus.groovy.runtime.callsite.CallSiteArray.defaultCallStatic(CallSiteArray.java:55)
at org.codehaus.groovy.runtime.callsite.AbstractCallSite.callStatic(AbstractCallSite.java:217)
at org.codehaus.groovy.runtime.callsite.AbstractCallSite.callStatic(AbstractCallSite.java:240)
at io.restassured.internal.RequestSpecificationImpl.baseUri(RequestSpecificationImpl.groovy:685)
at com.business.hrsAPI.HrsApiLogic.baseUrl(HrsApiLogic.java:43)
at com.business.hrsAPI.HrsApiLogic.generateLogInAccessToken(HrsApiLogic.java:58)
at com.hrsAPI.test.HrsApiTest.verifyEndpointTestingConfirmAllMedGatewayEndpointsareExposed(HrsApiTest.java:42)
at sun.reflect.NativeMethodAccessorImpl.invoke0(Native Method)
at sun.reflect.NativeMethodAccessorImpl.invoke(NativeMethodAccessorImpl.java:62)
at sun.reflect.DelegatingMethodAccessorImpl.invoke(DelegatingMethodAccessorImpl.java:43)
at java.lang.reflect.Method.invoke(Method.java:498)
at org.testng.internal.MethodInvocationHelper.invokeMethod(MethodInvocationHelper.java:134)
at org.testng.internal.TestInvoker.invokeMethod(TestInvoker.java:597)
at org.testng.internal.TestInvoker.invokeTestMethod(TestInvoker.java:173)
at org.testng.internal.MethodRunner.runInSequence(MethodRunner.java:46)
at org.testng.internal.TestInvoker$MethodInvocationAgent.invoke(TestInvoker.java:816)
at org.testng.internal.TestInvoker.invokeTestMethods(TestInvoker.java:146)
at org.testng.internal.TestMethodWorker.invokeTestMethods(TestMethodWorker.java:146)
at org.testng.internal.TestMethodWorker.run(TestMethodWorker.java:128)
at java.util.ArrayList.forEach(ArrayList.java:1257)
at org.testng.TestRunner.privateRun(TestRunner.java:766)
at org.testng.TestRunner.run(TestRunner.java:587)
at org.testng.SuiteRunner.runTest(SuiteRunner.java:384)
at org.testng.SuiteRunner.runSequentially(SuiteRunner.java:378)
at org.testng.SuiteRunner.privateRun(SuiteRunner.java:337)
at org.testng.SuiteRunner.run(SuiteRunner.java:286)
at org.testng.SuiteRunnerWorker.runSuite(SuiteRunnerWorker.java:53)
at org.testng.SuiteRunnerWorker.run(SuiteRunnerWorker.java:96)
at org.testng.TestNG.runSuitesSequentially(TestNG.java:1187)
at org.testng.TestNG.runSuitesLocally(TestNG.java:1109)
at org.testng.TestNG.runSuites(TestNG.java:1039)
at org.testng.TestNG.run(TestNG.java:1007)
at org.apache.maven.surefire.testng.TestNGExecutor.run(TestNGExecutor.java:283)
at org.apache.maven.surefire.testng.TestNGXmlTestSuite.execute(TestNGXmlTestSuite.java:75)
at org.apache.maven.surefire.testng.TestNGProvider.invoke(TestNGProvider.java:120)
at org.apache.maven.surefire.booter.ForkedBooter.invokeProviderInSameClassLoader(ForkedBooter.java:386)
at org.apache.maven.surefire.booter.ForkedBooter.runSuitesInProcess(ForkedBooter.java:323)
at org.apache.maven.surefire.booter.ForkedBooter.main(ForkedBooter.java:143)
]]>
            </full-stacktrace>
          </exception> <!-- java.lang.IllegalArgumentException -->
          <reporter-output>
          </reporter-output>
        </test-method> <!-- verifyEndpointTestingConfirmAllMedGatewayEndpointsareExposed -->
        <test-method status="PASS" signature="getResult(org.testng.ITestResult)[pri:0, instance:com.hrsAPI.test.HrsApiTest@71c3b41]" name="getResult" is-config="true" duration-ms="6" started-at="2023-06-26T16:17:36 IST" finished-at="2023-06-26T16:17:36 IST">
          <params>
            <param index="0">
              <value>
                <![CDATA[[TestResult name=verifyEndpointTestingConfirmAllMedGatewayEndpointsareExposed status=FAILURE method=HrsApiTest.verifyEndpointTestingConfirmAllMedGatewayEndpointsareExposed(java.lang.String, java.lang.String, java.lang.String)[pri:0, instance:com.hrsAPI.test.HrsApiTest@71c3b41] output={null}]]]>
              </value>
            </param>
          </params>
          <reporter-output>
          </reporter-output>
        </test-method> <!-- getResult -->
        <test-method status="PASS" signature="tearDown()[pri:0, instance:com.hrsAPI.test.HrsApiTest@71c3b41]" name="tearDown" is-config="true" duration-ms="270" started-at="2023-06-26T16:17:36 IST" finished-at="2023-06-26T16:17:36 IST">
          <reporter-output>
          </reporter-output>
        </test-method> <!-- tearDown -->
      </class> <!-- com.hrsAPI.test.HrsApiTest -->
    </test> <!-- Test -->
  </suite> <!-- Suite -->
</testng-results>
