<?xml version="1.0" encoding="UTF-8"?>
<testng-results ignored="0" total="3" passed="2" failed="1" skipped="0">
  <reporter-output>
  </reporter-output>
  <suite started-at="2023-07-06T16:23:56 IST" name="Android" finished-at="2023-07-06T16:29:31 IST" duration-ms="334605">
    <groups>
    </groups>
    <test started-at="2023-07-06T16:23:56 IST" name="HRS" finished-at="2023-07-06T16:29:31 IST" duration-ms="334605">
      <class name="com.hrs.test.Homepage">
        <test-method is-config="true" signature="beforeMethod(java.lang.String, java.lang.String)[pri:0, instance:com.hrs.test.Homepage@3383649e]" started-at="2023-07-06T16:24:06 IST" name="beforeMethod" finished-at="2023-07-06T16:24:25 IST" duration-ms="18641" status="PASS">
          <params>
            <param index="0">
              <value>
                <![CDATA[RZ8W3003SQL]]>
              </value>
            </param>
            <param index="1">
              <value>
                <![CDATA[4723]]>
              </value>
            </param>
          </params>
          <reporter-output>
          </reporter-output>
        </test-method> <!-- beforeMethod -->
        <test-method is-config="true" signature="beforeMethod()[pri:0, instance:com.hrs.test.Homepage@3383649e]" started-at="2023-07-06T16:24:25 IST" name="beforeMethod" finished-at="2023-07-06T16:24:25 IST" duration-ms="2" status="PASS">
          <reporter-output>
          </reporter-output>
        </test-method> <!-- beforeMethod -->
        <test-method signature="verifyhomePage()[pri:0, instance:com.hrs.test.Homepage@3383649e]" started-at="2023-07-06T16:24:25 IST" name="verifyhomePage" finished-at="2023-07-06T16:26:43 IST" duration-ms="137701" status="PASS">
          <reporter-output>
          </reporter-output>
        </test-method> <!-- verifyhomePage -->
        <test-method is-config="true" signature="beforeMethod()[pri:0, instance:com.hrs.test.Homepage@3383649e]" started-at="2023-07-06T16:26:44 IST" name="beforeMethod" finished-at="2023-07-06T16:26:44 IST" duration-ms="0" status="PASS">
          <reporter-output>
          </reporter-output>
        </test-method> <!-- beforeMethod -->
        <test-method signature="verifyContactClinicianMessageOption()[pri:0, instance:com.hrs.test.Homepage@3383649e]" started-at="2023-07-06T16:26:44 IST" name="verifyContactClinicianMessageOption" finished-at="2023-07-06T16:27:19 IST" depends-on-methods="com.hrs.test.Homepage.verifyhomePage" duration-ms="35412" status="PASS">
          <reporter-output>
          </reporter-output>
        </test-method> <!-- verifyContactClinicianMessageOption -->
        <test-method is-config="true" signature="beforeMethod()[pri:0, instance:com.hrs.test.Homepage@3383649e]" started-at="2023-07-06T16:27:21 IST" name="beforeMethod" finished-at="2023-07-06T16:27:21 IST" duration-ms="0" status="PASS">
          <reporter-output>
          </reporter-output>
        </test-method> <!-- beforeMethod -->
        <test-method signature="verifyBloodPressure()[pri:1, instance:com.hrs.test.Homepage@3383649e]" started-at="2023-07-06T16:27:21 IST" name="verifyBloodPressure" finished-at="2023-07-06T16:29:28 IST" duration-ms="127198" status="FAIL">
          <exception class="java.lang.AssertionError">
            <message>
              <![CDATA[The following asserts failed:
ElementBlood Pressure  is not visible expected [true] but found [false]]]>
            </message>
            <full-stacktrace>
              <![CDATA[java.lang.AssertionError: The following asserts failed:
ElementBlood Pressure  is not visible expected [true] but found [false]
at org.testng.asserts.SoftAssert.assertAll(SoftAssert.java:47)
at org.testng.asserts.SoftAssert.assertAll(SoftAssert.java:31)
at com.hrs.test.Homepage.verifyBloodPressure(Homepage.java:90)
at java.base/jdk.internal.reflect.NativeMethodAccessorImpl.invoke0(Native Method)
at java.base/jdk.internal.reflect.NativeMethodAccessorImpl.invoke(NativeMethodAccessorImpl.java:62)
at java.base/jdk.internal.reflect.DelegatingMethodAccessorImpl.invoke(DelegatingMethodAccessorImpl.java:43)
at java.base/java.lang.reflect.Method.invoke(Method.java:566)
at org.testng.internal.MethodInvocationHelper.invokeMethod(MethodInvocationHelper.java:134)
at org.testng.internal.TestInvoker.invokeMethod(TestInvoker.java:597)
at org.testng.internal.TestInvoker.invokeTestMethod(TestInvoker.java:173)
at org.testng.internal.MethodRunner.runInSequence(MethodRunner.java:46)
at org.testng.internal.TestInvoker$MethodInvocationAgent.invoke(TestInvoker.java:816)
at org.testng.internal.TestInvoker.invokeTestMethods(TestInvoker.java:146)
at org.testng.internal.TestMethodWorker.invokeTestMethods(TestMethodWorker.java:146)
at org.testng.internal.TestMethodWorker.run(TestMethodWorker.java:128)
at java.base/java.util.ArrayList.forEach(ArrayList.java:1541)
at org.testng.TestRunner.privateRun(TestRunner.java:766)
at org.testng.TestRunner.run(TestRunner.java:587)
at org.testng.SuiteRunner.runTest(SuiteRunner.java:384)
at org.testng.SuiteRunner.runSequentially(SuiteRunner.java:378)
at org.testng.SuiteRunner.privateRun(SuiteRunner.java:337)
at org.testng.SuiteRunner.run(SuiteRunner.java:286)
at org.testng.SuiteRunnerWorker.runSuite(SuiteRunnerWorker.java:53)
at org.testng.SuiteRunnerWorker.run(SuiteRunnerWorker.java:96)
at org.testng.TestNG.runSuitesSequentially(TestNG.java:1187)
at org.testng.TestNG.runSuitesLocally(TestNG.java:1109)
at org.testng.TestNG.runSuites(TestNG.java:1039)
at org.testng.TestNG.run(TestNG.java:1007)
at org.testng.remote.AbstractRemoteTestNG.run(AbstractRemoteTestNG.java:115)
at org.testng.remote.RemoteTestNG.initAndRun(RemoteTestNG.java:251)
at org.testng.remote.RemoteTestNG.main(RemoteTestNG.java:77)
]]>
            </full-stacktrace>
          </exception> <!-- java.lang.AssertionError -->
          <reporter-output>
          </reporter-output>
        </test-method> <!-- verifyBloodPressure -->
        <test-method is-config="true" signature="afterTest()[pri:0, instance:com.hrs.test.Homepage@3383649e]" started-at="2023-07-06T16:29:29 IST" name="afterTest" finished-at="2023-07-06T16:29:31 IST" duration-ms="1929" status="PASS">
          <reporter-output>
          </reporter-output>
        </test-method> <!-- afterTest -->
      </class> <!-- com.hrs.test.Homepage -->
    </test> <!-- HRS -->
  </suite> <!-- Android -->
</testng-results>
